[debug] [2022-05-08T11:29:14.218Z] ----------------------------------------------------------------------
[debug] [2022-05-08T11:29:14.223Z] Command:       /usr/bin/node /usr/local/bin/firebase deploy --only hosting
[debug] [2022-05-08T11:29:14.223Z] CLI Version:   10.8.0
[debug] [2022-05-08T11:29:14.223Z] Platform:      linux
[debug] [2022-05-08T11:29:14.224Z] Node Version:  v12.22.9
[debug] [2022-05-08T11:29:14.231Z] Time:          Sun May 08 2022 13:29:14 GMT+0200 (közép-európai nyári idő)
[debug] [2022-05-08T11:29:14.232Z] ----------------------------------------------------------------------
[debug] 
[debug] [2022-05-08T11:29:14.398Z] >>> [apiv2][query] GET https://firebase.googleapis.com/v1beta1/projects/undefined [none]
[debug] [2022-05-08T11:29:14.793Z] <<< [apiv2][status] GET https://firebase.googleapis.com/v1beta1/projects/undefined 403
[debug] [2022-05-08T11:29:14.793Z] <<< [apiv2][body] GET https://firebase.googleapis.com/v1beta1/projects/undefined {"error":{"code":403,"message":"The caller does not have permission","status":"PERMISSION_DENIED"}}
[debug] [2022-05-08T11:29:14.795Z] HTTP Error: 403, The caller does not have permission
[debug] [2022-05-08T11:29:14.797Z] FirebaseError: HTTP Error: 403, The caller does not have permission
    at module.exports (/usr/local/lib/node_modules/firebase-tools/lib/responseToError.js:47:12)
    at RetryOperation._fn (/usr/local/lib/node_modules/firebase-tools/lib/apiv2.js:286:39)
    at processTicksAndRejections (internal/process/task_queues.js:97:5)
[error] 
[error] Error: Failed to get Firebase project undefined. Please make sure the project exists and your account has permission to access it.
[debug] [2022-05-08T11:30:40.482Z] ----------------------------------------------------------------------
[debug] [2022-05-08T11:30:40.486Z] Command:       /usr/bin/node /usr/local/bin/firebase deploy --only hosting
[debug] [2022-05-08T11:30:40.487Z] CLI Version:   10.8.0
[debug] [2022-05-08T11:30:40.487Z] Platform:      linux
[debug] [2022-05-08T11:30:40.487Z] Node Version:  v12.22.9
[debug] [2022-05-08T11:30:40.488Z] Time:          Sun May 08 2022 13:30:40 GMT+0200 (közép-európai nyári idő)
[debug] [2022-05-08T11:30:40.488Z] ----------------------------------------------------------------------
[debug] 
[debug] [2022-05-08T11:30:40.644Z] >>> [apiv2][query] GET https://firebase.googleapis.com/v1beta1/projects/undefined [none]
[debug] [2022-05-08T11:30:41.074Z] <<< [apiv2][status] GET https://firebase.googleapis.com/v1beta1/projects/undefined 403
[debug] [2022-05-08T11:30:41.075Z] <<< [apiv2][body] GET https://firebase.googleapis.com/v1beta1/projects/undefined {"error":{"code":403,"message":"The caller does not have permission","status":"PERMISSION_DENIED"}}
[debug] [2022-05-08T11:30:41.077Z] HTTP Error: 403, The caller does not have permission
[debug] [2022-05-08T11:30:41.079Z] FirebaseError: HTTP Error: 403, The caller does not have permission
    at module.exports (/usr/local/lib/node_modules/firebase-tools/lib/responseToError.js:47:12)
    at RetryOperation._fn (/usr/local/lib/node_modules/firebase-tools/lib/apiv2.js:286:39)
    at processTicksAndRejections (internal/process/task_queues.js:97:5)
[error] 
[error] Error: Failed to get Firebase project undefined. Please make sure the project exists and your account has permission to access it.
